[2021-04-18 06:10:00,485: INFO/MainProcess] Connected to redis://redis:6379/0
[2021-04-18 06:10:00,504: INFO/MainProcess] mingle: searching for neighbors
[2021-04-18 06:10:01,542: INFO/MainProcess] mingle: all alone
[2021-04-18 06:10:01,566: WARNING/MainProcess] /usr/local/lib/python3.8/site-packages/celery/fixups/django.py:202: UserWarning: Using settings.DEBUG leads to a memory
            leak, never use this setting in production environments!
  warnings.warn('''Using settings.DEBUG leads to a memory
[2021-04-18 06:10:01,568: INFO/MainProcess] celery@46772d68a77d ready.
[2021-04-18 06:14:17,686: INFO/MainProcess] Connected to redis://redis:6379/0
[2021-04-18 06:14:17,729: INFO/MainProcess] mingle: searching for neighbors
[2021-04-18 06:14:18,768: INFO/MainProcess] mingle: all alone
[2021-04-18 06:14:18,801: WARNING/MainProcess] /usr/local/lib/python3.8/site-packages/celery/fixups/django.py:202: UserWarning: Using settings.DEBUG leads to a memory
            leak, never use this setting in production environments!
  warnings.warn('''Using settings.DEBUG leads to a memory
[2021-04-18 06:14:18,805: INFO/MainProcess] celery@4453ee1538d0 ready.
[2021-04-18 06:14:21,958: INFO/MainProcess] Events of group {task} enabled by remote.
[2021-04-18 06:15:31,191: INFO/MainProcess] Received task: tasks.sample_tasks.create_task[b1704745-78b7-46f6-a4af-65dc2cc5f8a3]  
[2021-04-18 06:15:41,244: INFO/ForkPoolWorker-2] Task tasks.sample_tasks.create_task[b1704745-78b7-46f6-a4af-65dc2cc5f8a3] succeeded in 10.015812845000255s: True
[2021-04-18 06:15:58,030: INFO/MainProcess] Received task: tasks.sample_tasks.create_task[f6b0f28f-2b07-446d-a095-485fef7c8f49]  
[2021-04-18 06:15:58,540: INFO/MainProcess] Received task: tasks.sample_tasks.create_task[5ac743c1-1a91-4c24-a457-0143da83e714]  
[2021-04-18 06:15:59,060: INFO/MainProcess] Received task: tasks.sample_tasks.create_task[6eba60a0-ef6e-4dec-8fd9-5d2dc3a3ef9d]  
[2021-04-18 06:15:59,531: INFO/MainProcess] Received task: tasks.sample_tasks.create_task[c374382a-0c2a-46e6-8707-f67bd976f67e]  
[2021-04-18 06:16:00,032: INFO/MainProcess] Received task: tasks.sample_tasks.create_task[be5c1b76-ff20-496a-bf6a-a570ef34ce9f]  
[2021-04-18 06:16:18,584: INFO/ForkPoolWorker-1] Task tasks.sample_tasks.create_task[5ac743c1-1a91-4c24-a457-0143da83e714] succeeded in 20.023914882999634s: True
[2021-04-18 06:16:28,093: INFO/ForkPoolWorker-2] Task tasks.sample_tasks.create_task[f6b0f28f-2b07-446d-a095-485fef7c8f49] succeeded in 30.036553060000188s: True
[2021-04-18 06:16:28,602: INFO/ForkPoolWorker-1] Task tasks.sample_tasks.create_task[6eba60a0-ef6e-4dec-8fd9-5d2dc3a3ef9d] succeeded in 10.010895874999733s: True
[2021-04-18 06:16:48,133: INFO/ForkPoolWorker-2] Task tasks.sample_tasks.create_task[c374382a-0c2a-46e6-8707-f67bd976f67e] succeeded in 20.02456415300003s: True
[2021-04-18 06:16:58,635: INFO/ForkPoolWorker-1] Task tasks.sample_tasks.create_task[be5c1b76-ff20-496a-bf6a-a570ef34ce9f] succeeded in 30.02438832700045s: True
[2021-04-18 06:18:50,658: INFO/MainProcess] Connected to redis://redis:6379/0
[2021-04-18 06:18:50,737: INFO/MainProcess] mingle: searching for neighbors
[2021-04-18 06:18:51,815: INFO/MainProcess] mingle: all alone
[2021-04-18 06:18:51,898: WARNING/MainProcess] /usr/local/lib/python3.8/site-packages/celery/fixups/django.py:202: UserWarning: Using settings.DEBUG leads to a memory
            leak, never use this setting in production environments!
  warnings.warn('''Using settings.DEBUG leads to a memory
[2021-04-18 06:18:51,900: INFO/MainProcess] celery@225f841f0a42 ready.
[2021-04-18 06:18:53,674: INFO/MainProcess] Connected to redis://redis:6379/0
[2021-04-18 06:18:53,702: INFO/MainProcess] mingle: searching for neighbors
[2021-04-18 06:18:53,755: INFO/MainProcess] Connected to redis://redis:6379/0
[2021-04-18 06:18:53,762: INFO/MainProcess] sync with celery@a1ef64b0eb84
[2021-04-18 06:18:53,787: INFO/MainProcess] mingle: searching for neighbors
[2021-04-18 06:18:53,815: INFO/MainProcess] sync with celery@cf007fdaefc4
[2021-04-18 06:18:54,784: INFO/MainProcess] mingle: sync with 1 nodes
[2021-04-18 06:18:54,788: INFO/MainProcess] mingle: sync complete
[2021-04-18 06:18:54,820: WARNING/MainProcess] /usr/local/lib/python3.8/site-packages/celery/fixups/django.py:202: UserWarning: Using settings.DEBUG leads to a memory
            leak, never use this setting in production environments!
  warnings.warn('''Using settings.DEBUG leads to a memory
[2021-04-18 06:18:54,824: INFO/MainProcess] celery@a1ef64b0eb84 ready.
[2021-04-18 06:18:54,830: INFO/MainProcess] mingle: sync with 1 nodes
[2021-04-18 06:18:54,834: INFO/MainProcess] mingle: sync complete
[2021-04-18 06:18:54,877: WARNING/MainProcess] /usr/local/lib/python3.8/site-packages/celery/fixups/django.py:202: UserWarning: Using settings.DEBUG leads to a memory
            leak, never use this setting in production environments!
  warnings.warn('''Using settings.DEBUG leads to a memory
[2021-04-18 06:18:54,885: INFO/MainProcess] celery@cf007fdaefc4 ready.
[2021-04-18 06:18:56,210: INFO/MainProcess] Events of group {task} enabled by remote.
[2021-04-18 06:18:56,210: INFO/MainProcess] Events of group {task} enabled by remote.
[2021-04-18 06:18:56,216: INFO/MainProcess] Events of group {task} enabled by remote.
[2021-04-18 06:19:55,107: INFO/MainProcess] Received task: tasks.sample_tasks.create_task[dc6cb3c9-f68a-45ea-afcf-189a68b910fa]  
[2021-04-18 06:19:55,702: INFO/MainProcess] Received task: tasks.sample_tasks.create_task[f8ef0e8b-7c05-4f77-a93b-b84ca6a7b376]  
[2021-04-18 06:19:56,407: INFO/MainProcess] Received task: tasks.sample_tasks.create_task[5c8b6a55-1095-4063-b2d7-a6146a5a4ca1]  
[2021-04-18 06:20:25,222: INFO/ForkPoolWorker-2] Task tasks.sample_tasks.create_task[dc6cb3c9-f68a-45ea-afcf-189a68b910fa] succeeded in 30.080486347999795s: True
[2021-04-18 06:20:25,755: INFO/ForkPoolWorker-2] Task tasks.sample_tasks.create_task[f8ef0e8b-7c05-4f77-a93b-b84ca6a7b376] succeeded in 30.039193844000692s: True
[2021-04-18 06:20:26,474: INFO/ForkPoolWorker-1] Task tasks.sample_tasks.create_task[5c8b6a55-1095-4063-b2d7-a6146a5a4ca1] succeeded in 30.031015116999697s: True
[2021-04-18 06:20:26,542: INFO/MainProcess] Received task: tasks.sample_tasks.create_task[ce2107d7-52e0-4801-9bc8-03b039aca932]  
[2021-04-18 06:20:56,560: INFO/ForkPoolWorker-2] Task tasks.sample_tasks.create_task[ce2107d7-52e0-4801-9bc8-03b039aca932] succeeded in 30.009707627999887s: True
